<?xml version="1.0" encoding="UTF-8"?>
<!-- Generated by org.testng.reporters.JUnitXMLReporter -->
<testsuite ignored="37" hostname="DESKTOP-UIS9TE7" failures="1" tests="1" name="Default test" time="67.903" errors="0" timestamp="2023-07-04T20:14:07 IST">
  <testcase classname="framework.TS_01" name="TC_36" time="26.036">
    <failure type="org.openqa.selenium.NoSuchElementException" message="no such element: Unable to locate element: {&amp;quot;method&amp;quot;:&amp;quot;xpath&amp;quot;,&amp;quot;selector&amp;quot;:&amp;quot;//div[.=&amp;apos; Password must match &amp;apos;]&amp;quot;}
  (Session info: chrome=114.0.5735.199)
For documentation on this error, please visit: https://www.selenium.dev/documentation/webdriver/troubleshooting/errors#no-such-element-exception
Build info: version: &amp;apos;4.10.0&amp;apos;, revision: &amp;apos;c14d967899&amp;apos;
System info: os.name: &amp;apos;Windows 10&amp;apos;, os.arch: &amp;apos;amd64&amp;apos;, os.version: &amp;apos;10.0&amp;apos;, java.version: &amp;apos;17.0.5&amp;apos;
Driver info: org.openqa.selenium.chrome.ChromeDriver
Command: [0a1e8003b2d2e690d3ea90dc28018ede, findElement {using=xpath, value=//div[.=&amp;apos; Password must match &amp;apos;]}]
Capabilities {acceptInsecureCerts: false, browserName: chrome, browserVersion: 114.0.5735.199, chrome: {chromedriverVersion: 114.0.5735.90 (386bc09e8f4f..., userDataDir: C:\Users\kamal\AppData\Loca...}, goog:chromeOptions: {debuggerAddress: localhost:63833}, networkConnectionEnabled: false, pageLoadStrategy: normal, platformName: windows, proxy: Proxy(), se:cdp: ws://localhost:63833/devtoo..., se:cdpVersion: 114.0.5735.199, setWindowRect: true, strictFileInteractability: false, timeouts: {implicit: 0, pageLoad: 300000, script: 30000}, unhandledPromptBehavior: dismiss and notify, webauthn:extension:credBlob: true, webauthn:extension:largeBlob: true, webauthn:extension:minPinLength: true, webauthn:extension:prf: true, webauthn:virtualAuthenticators: true}
Session ID: 0a1e8003b2d2e690d3ea90dc28018ede">
      <![CDATA[org.openqa.selenium.NoSuchElementException: no such element: Unable to locate element: {"method":"xpath","selector":"//div[.=' Password must match ']"}
  (Session info: chrome=114.0.5735.199)
For documentation on this error, please visit: https://www.selenium.dev/documentation/webdriver/troubleshooting/errors#no-such-element-exception
Build info: version: '4.10.0', revision: 'c14d967899'
System info: os.name: 'Windows 10', os.arch: 'amd64', os.version: '10.0', java.version: '17.0.5'
Driver info: org.openqa.selenium.chrome.ChromeDriver
Command: [0a1e8003b2d2e690d3ea90dc28018ede, findElement {using=xpath, value=//div[.=' Password must match ']}]
Capabilities {acceptInsecureCerts: false, browserName: chrome, browserVersion: 114.0.5735.199, chrome: {chromedriverVersion: 114.0.5735.90 (386bc09e8f4f..., userDataDir: C:\Users\kamal\AppData\Loca...}, goog:chromeOptions: {debuggerAddress: localhost:63833}, networkConnectionEnabled: false, pageLoadStrategy: normal, platformName: windows, proxy: Proxy(), se:cdp: ws://localhost:63833/devtoo..., se:cdpVersion: 114.0.5735.199, setWindowRect: true, strictFileInteractability: false, timeouts: {implicit: 0, pageLoad: 300000, script: 30000}, unhandledPromptBehavior: dismiss and notify, webauthn:extension:credBlob: true, webauthn:extension:largeBlob: true, webauthn:extension:minPinLength: true, webauthn:extension:prf: true, webauthn:virtualAuthenticators: true}
Session ID: 0a1e8003b2d2e690d3ea90dc28018ede
at java.base/jdk.internal.reflect.NativeConstructorAccessorImpl.newInstance0(Native Method)
at java.base/jdk.internal.reflect.NativeConstructorAccessorImpl.newInstance(NativeConstructorAccessorImpl.java:77)
at java.base/jdk.internal.reflect.DelegatingConstructorAccessorImpl.newInstance(DelegatingConstructorAccessorImpl.java:45)
at java.base/java.lang.reflect.Constructor.newInstanceWithCaller(Constructor.java:499)
at java.base/java.lang.reflect.Constructor.newInstance(Constructor.java:480)
at org.openqa.selenium.remote.codec.w3c.W3CHttpResponseCodec.createException(W3CHttpResponseCodec.java:199)
at org.openqa.selenium.remote.codec.w3c.W3CHttpResponseCodec.decode(W3CHttpResponseCodec.java:132)
at org.openqa.selenium.remote.codec.w3c.W3CHttpResponseCodec.decode(W3CHttpResponseCodec.java:51)
at org.openqa.selenium.remote.HttpCommandExecutor.execute(HttpCommandExecutor.java:191)
at org.openqa.selenium.remote.service.DriverCommandExecutor.invokeExecute(DriverCommandExecutor.java:196)
at org.openqa.selenium.remote.service.DriverCommandExecutor.execute(DriverCommandExecutor.java:171)
at org.openqa.selenium.remote.RemoteWebDriver.execute(RemoteWebDriver.java:531)
at org.openqa.selenium.remote.ElementLocation$ElementFinder$2.findElement(ElementLocation.java:165)
at org.openqa.selenium.remote.ElementLocation.findElement(ElementLocation.java:59)
at org.openqa.selenium.remote.RemoteWebDriver.findElement(RemoteWebDriver.java:350)
at org.openqa.selenium.remote.RemoteWebDriver.findElement(RemoteWebDriver.java:344)
at org.openqa.selenium.support.pagefactory.DefaultElementLocator.findElement(DefaultElementLocator.java:68)
at org.openqa.selenium.support.pagefactory.internal.LocatingElementHandler.invoke(LocatingElementHandler.java:38)
at jdk.proxy2/jdk.proxy2.$Proxy16.isDisplayed(Unknown Source)
at framework.TS_01.TC_36(TS_01.java:211)
at java.base/jdk.internal.reflect.NativeMethodAccessorImpl.invoke0(Native Method)
at java.base/jdk.internal.reflect.NativeMethodAccessorImpl.invoke(NativeMethodAccessorImpl.java:77)
at java.base/jdk.internal.reflect.DelegatingMethodAccessorImpl.invoke(DelegatingMethodAccessorImpl.java:43)
at java.base/java.lang.reflect.Method.invoke(Method.java:568)
at org.testng.internal.MethodInvocationHelper.invokeMethod(MethodInvocationHelper.java:133)
at org.testng.internal.TestInvoker.invokeMethod(TestInvoker.java:598)
at org.testng.internal.TestInvoker.invokeTestMethod(TestInvoker.java:173)
at org.testng.internal.MethodRunner.runInSequence(MethodRunner.java:46)
at org.testng.internal.TestInvoker$MethodInvocationAgent.invoke(TestInvoker.java:824)
at org.testng.internal.TestInvoker.invokeTestMethods(TestInvoker.java:146)
at org.testng.internal.TestMethodWorker.invokeTestMethods(TestMethodWorker.java:146)
at org.testng.internal.TestMethodWorker.run(TestMethodWorker.java:128)
at java.base/java.util.ArrayList.forEach(ArrayList.java:1511)
at org.testng.TestRunner.privateRun(TestRunner.java:794)
at org.testng.TestRunner.run(TestRunner.java:596)
at org.testng.SuiteRunner.runTest(SuiteRunner.java:377)
at org.testng.SuiteRunner.runSequentially(SuiteRunner.java:371)
at org.testng.SuiteRunner.privateRun(SuiteRunner.java:332)
at org.testng.SuiteRunner.run(SuiteRunner.java:276)
at org.testng.SuiteRunnerWorker.runSuite(SuiteRunnerWorker.java:53)
at org.testng.SuiteRunnerWorker.run(SuiteRunnerWorker.java:96)
at org.testng.TestNG.runSuitesSequentially(TestNG.java:1212)
at org.testng.TestNG.runSuitesLocally(TestNG.java:1134)
at org.testng.TestNG.runSuites(TestNG.java:1063)
at org.testng.TestNG.run(TestNG.java:1031)
at org.testng.remote.AbstractRemoteTestNG.run(AbstractRemoteTestNG.java:115)
at org.testng.remote.RemoteTestNG.initAndRun(RemoteTestNG.java:251)
at org.testng.remote.RemoteTestNG.main(RemoteTestNG.java:77)
]]>
    </failure>
  </testcase> <!-- TC_36 -->
  <testcase classname="framework.TS_01" name="TC_20" time="0.0">
    <ignored/>
  </testcase> <!-- TC_20 -->
  <testcase classname="framework.TS_01" name="TC_12" time="0.0">
    <ignored/>
  </testcase> <!-- TC_12 -->
  <testcase classname="framework.TS_01" name="TC_34" time="0.0">
    <ignored/>
  </testcase> <!-- TC_34 -->
  <testcase classname="framework.TS_01" name="TC_21" time="0.0">
    <ignored/>
  </testcase> <!-- TC_21 -->
  <testcase classname="framework.TS_01" name="TC_06" time="0.0">
    <ignored/>
  </testcase> <!-- TC_06 -->
  <testcase classname="framework.TS_01" name="TC_28" time="0.0">
    <ignored/>
  </testcase> <!-- TC_28 -->
  <testcase classname="framework.TS_01" name="TC_09" time="0.0">
    <ignored/>
  </testcase> <!-- TC_09 -->
  <testcase classname="framework.TS_01" name="TC_04" time="0.0">
    <ignored/>
  </testcase> <!-- TC_04 -->
  <testcase classname="framework.TS_01" name="TC_26" time="0.0">
    <ignored/>
  </testcase> <!-- TC_26 -->
  <testcase classname="framework.TS_01" name="TC_07" time="0.0">
    <ignored/>
  </testcase> <!-- TC_07 -->
  <testcase classname="framework.TS_01" name="TC_29" time="0.0">
    <ignored/>
  </testcase> <!-- TC_29 -->
  <testcase classname="framework.TS_01" name="TC_02" time="0.0">
    <ignored/>
  </testcase> <!-- TC_02 -->
  <testcase classname="framework.TS_01" name="TC_24" time="0.0">
    <ignored/>
  </testcase> <!-- TC_24 -->
  <testcase classname="framework.TS_01" name="TC_05" time="0.0">
    <ignored/>
  </testcase> <!-- TC_05 -->
  <testcase classname="framework.TS_01" name="TC_27" time="0.0">
    <ignored/>
  </testcase> <!-- TC_27 -->
  <testcase classname="framework.TS_01" name="TC_22" time="0.0">
    <ignored/>
  </testcase> <!-- TC_22 -->
  <testcase classname="framework.TS_01" name="TC_03" time="0.0">
    <ignored/>
  </testcase> <!-- TC_03 -->
  <testcase classname="framework.TS_01" name="TC_25" time="0.0">
    <ignored/>
  </testcase> <!-- TC_25 -->
  <testcase classname="framework.TS_01" name="TC_08" time="0.0">
    <ignored/>
  </testcase> <!-- TC_08 -->
  <testcase classname="framework.TS_01" name="TC_31" time="0.0">
    <ignored/>
  </testcase> <!-- TC_31 -->
  <testcase classname="framework.TS_01" name="TC_01" time="0.0">
    <ignored/>
  </testcase> <!-- TC_01 -->
  <testcase classname="framework.TS_01" name="TC_23" time="0.0">
    <ignored/>
  </testcase> <!-- TC_23 -->
  <testcase classname="framework.TS_01" name="TC_10" time="0.0">
    <ignored/>
  </testcase> <!-- TC_10 -->
  <testcase classname="framework.TS_01" name="TC_32" time="0.0">
    <ignored/>
  </testcase> <!-- TC_32 -->
  <testcase classname="framework.TS_01" name="TC_30" time="0.0">
    <ignored/>
  </testcase> <!-- TC_30 -->
  <testcase classname="framework.TS_01" name="TC_17" time="0.0">
    <ignored/>
  </testcase> <!-- TC_17 -->
  <testcase classname="framework.TS_01" name="TC_39" time="0.0">
    <ignored/>
  </testcase> <!-- TC_39 -->
  <testcase classname="framework.TS_01" name="TC_15" time="0.0">
    <ignored/>
  </testcase> <!-- TC_15 -->
  <testcase classname="framework.TS_01" name="TC_37" time="0.0">
    <ignored/>
  </testcase> <!-- TC_37 -->
  <testcase classname="framework.TS_01" name="TC_18" time="0.0">
    <ignored/>
  </testcase> <!-- TC_18 -->
  <testcase classname="framework.TS_01" name="TC_13" time="0.0">
    <ignored/>
  </testcase> <!-- TC_13 -->
  <testcase classname="framework.TS_01" name="TC_35" time="0.0">
    <ignored/>
  </testcase> <!-- TC_35 -->
  <testcase classname="framework.TS_01" name="TC_16" time="0.0">
    <ignored/>
  </testcase> <!-- TC_16 -->
  <testcase classname="framework.TS_01" name="TC_11" time="0.0">
    <ignored/>
  </testcase> <!-- TC_11 -->
  <testcase classname="framework.TS_01" name="TC_33" time="0.0">
    <ignored/>
  </testcase> <!-- TC_33 -->
  <testcase classname="framework.TS_01" name="TC_14" time="0.0">
    <ignored/>
  </testcase> <!-- TC_14 -->
  <testcase classname="framework.TS_01" name="TC_19" time="0.0">
    <ignored/>
  </testcase> <!-- TC_19 -->
</testsuite> <!-- Default test -->
