<?xml version="1.0" encoding="UTF-8"?>
<!-- Generated by org.testng.reporters.JUnitXMLReporter -->
<testsuite ignored="0" hostname="DESKTOP-UIS9TE7" failures="2" tests="63" name="Test" time="1837.74" errors="0" timestamp="2023-07-07T15:03:14 IST">
  <testcase classname="framework.TS_01" name="TC_38" time="12.529">
    <failure type="org.openqa.selenium.StaleElementReferenceException" message="stale element reference: stale element not found
  (Session info: chrome=114.0.5735.199)
For documentation on this error, please visit: https://www.selenium.dev/documentation/webdriver/troubleshooting/errors#stale-element-reference-exception
Build info: version: &amp;apos;4.10.0&amp;apos;, revision: &amp;apos;c14d967899&amp;apos;
System info: os.name: &amp;apos;Windows 10&amp;apos;, os.arch: &amp;apos;amd64&amp;apos;, os.version: &amp;apos;10.0&amp;apos;, java.version: &amp;apos;17.0.5&amp;apos;
Driver info: org.openqa.selenium.chrome.ChromeDriver
Command: [0531cee94c86e2e04b8a854ea32eeac2, getElementText {id=93574EE8CD79734583D0CDFD7B083797_element_26}]
Capabilities {acceptInsecureCerts: false, browserName: chrome, browserVersion: 114.0.5735.199, chrome: {chromedriverVersion: 114.0.5735.90 (386bc09e8f4f..., userDataDir: C:\Users\kamal\AppData\Loca...}, goog:chromeOptions: {debuggerAddress: localhost:51596}, networkConnectionEnabled: false, pageLoadStrategy: normal, platformName: windows, proxy: Proxy(), se:cdp: ws://localhost:51596/devtoo..., se:cdpVersion: 114.0.5735.199, setWindowRect: true, strictFileInteractability: false, timeouts: {implicit: 0, pageLoad: 300000, script: 30000}, unhandledPromptBehavior: dismiss and notify, webauthn:extension:credBlob: true, webauthn:extension:largeBlob: true, webauthn:extension:minPinLength: true, webauthn:extension:prf: true, webauthn:virtualAuthenticators: true}
Element: [[ChromeDriver: chrome on windows (0531cee94c86e2e04b8a854ea32eeac2)] -&amp;gt; xpath: //span[@class=&amp;apos;mat-option-text&amp;apos;]]
Session ID: 0531cee94c86e2e04b8a854ea32eeac2">
      <![CDATA[org.openqa.selenium.StaleElementReferenceException: stale element reference: stale element not found
  (Session info: chrome=114.0.5735.199)
For documentation on this error, please visit: https://www.selenium.dev/documentation/webdriver/troubleshooting/errors#stale-element-reference-exception
Build info: version: '4.10.0', revision: 'c14d967899'
System info: os.name: 'Windows 10', os.arch: 'amd64', os.version: '10.0', java.version: '17.0.5'
Driver info: org.openqa.selenium.chrome.ChromeDriver
Command: [0531cee94c86e2e04b8a854ea32eeac2, getElementText {id=93574EE8CD79734583D0CDFD7B083797_element_26}]
Capabilities {acceptInsecureCerts: false, browserName: chrome, browserVersion: 114.0.5735.199, chrome: {chromedriverVersion: 114.0.5735.90 (386bc09e8f4f..., userDataDir: C:\Users\kamal\AppData\Loca...}, goog:chromeOptions: {debuggerAddress: localhost:51596}, networkConnectionEnabled: false, pageLoadStrategy: normal, platformName: windows, proxy: Proxy(), se:cdp: ws://localhost:51596/devtoo..., se:cdpVersion: 114.0.5735.199, setWindowRect: true, strictFileInteractability: false, timeouts: {implicit: 0, pageLoad: 300000, script: 30000}, unhandledPromptBehavior: dismiss and notify, webauthn:extension:credBlob: true, webauthn:extension:largeBlob: true, webauthn:extension:minPinLength: true, webauthn:extension:prf: true, webauthn:virtualAuthenticators: true}
Element: [[ChromeDriver: chrome on windows (0531cee94c86e2e04b8a854ea32eeac2)] -> xpath: //span[@class='mat-option-text']]
Session ID: 0531cee94c86e2e04b8a854ea32eeac2
at org.openqa.selenium.remote.codec.w3c.W3CHttpResponseCodec.createException(W3CHttpResponseCodec.java:199)
at org.openqa.selenium.remote.codec.w3c.W3CHttpResponseCodec.decode(W3CHttpResponseCodec.java:132)
at org.openqa.selenium.remote.codec.w3c.W3CHttpResponseCodec.decode(W3CHttpResponseCodec.java:51)
at org.openqa.selenium.remote.HttpCommandExecutor.execute(HttpCommandExecutor.java:191)
at org.openqa.selenium.remote.service.DriverCommandExecutor.invokeExecute(DriverCommandExecutor.java:196)
at org.openqa.selenium.remote.service.DriverCommandExecutor.execute(DriverCommandExecutor.java:171)
at org.openqa.selenium.remote.RemoteWebDriver.execute(RemoteWebDriver.java:531)
at org.openqa.selenium.remote.RemoteWebElement.execute(RemoteWebElement.java:242)
at org.openqa.selenium.remote.RemoteWebElement.getText(RemoteWebElement.java:192)
at framework.Signup.selectGender(Signup.java:137)
at framework.TS_01.TC_38(TS_01.java:254)
at java.base/java.util.ArrayList.forEach(ArrayList.java:1511)
... Removed 32 stack frames]]>
    </failure>
  </testcase> <!-- TC_38 -->
  <testcase classname="framework.TS_01" name="TC_01" time="4.286"/>
  <testcase classname="framework.TS_01" name="TC_02" time="10.835"/>
  <testcase classname="framework.TS_01" name="TC_03" time="9.717"/>
  <testcase classname="framework.TS_01" name="TC_04" time="5.088"/>
  <testcase classname="framework.TS_01" name="TC_05" time="2.099"/>
  <testcase classname="framework.TS_01" name="TC_06" time="3.103"/>
  <testcase classname="framework.TS_01" name="TC_07" time="1.751"/>
  <testcase classname="framework.TS_01" name="TC_08" time="1.081"/>
  <testcase classname="framework.TS_01" name="TC_09" time="1.929"/>
  <testcase classname="framework.TS_01" name="TC_10" time="1.478"/>
  <testcase classname="framework.TS_01" name="TC_11" time="2.448"/>
  <testcase classname="framework.TS_01" name="TC_12" time="2.741"/>
  <testcase classname="framework.TS_01" name="TC_13" time="1.512"/>
  <testcase classname="framework.TS_01" name="TC_14" time="0.055"/>
  <testcase classname="framework.TS_01" name="TC_15" time="0.368"/>
  <testcase classname="framework.TS_01" name="TC_16" time="0.426"/>
  <testcase classname="framework.TS_01" name="TC_17" time="5.468"/>
  <testcase classname="framework.TS_01" name="TC_18" time="15.525"/>
  <testcase classname="framework.TS_01" name="TC_19" time="11.814"/>
  <testcase classname="framework.TS_01" name="TC_20" time="2.488"/>
  <testcase classname="framework.TS_01" name="TC_21" time="8.459"/>
  <testcase classname="framework.TS_01" name="TC_22" time="1.894"/>
  <testcase classname="framework.TS_01" name="TC_23" time="1.618"/>
  <testcase classname="framework.TS_01" name="TC_24" time="1.259"/>
  <testcase classname="framework.TS_01" name="TC_25" time="1.461"/>
  <testcase classname="framework.TS_01" name="TC_26" time="1.257"/>
  <testcase classname="framework.TS_01" name="TC_27" time="0.352"/>
  <testcase classname="framework.TS_01" name="TC_28" time="3.209"/>
  <testcase classname="framework.TS_01" name="TC_29" time="15.023"/>
  <testcase classname="framework.TS_01" name="TC_30" time="5.694"/>
  <testcase classname="framework.TS_01" name="TC_31" time="2.063"/>
  <testcase classname="framework.TS_01" name="TC_32" time="1.098"/>
  <testcase classname="framework.TS_01" name="TC_33" time="0.735"/>
  <testcase classname="framework.TS_01" name="TC_34" time="1.136"/>
  <testcase classname="framework.TS_01" name="TC_35" time="2.912"/>
  <testcase classname="framework.TS_01" name="TC_36" time="2.131"/>
  <testcase classname="framework.TS_01" name="TC_37" time="0.051"/>
  <testcase classname="framework.TS_01" name="TC_39" time="7.517">
    <failure type="org.openqa.selenium.StaleElementReferenceException" message="stale element reference: stale element not found
  (Session info: chrome=114.0.5735.199)
For documentation on this error, please visit: https://www.selenium.dev/documentation/webdriver/troubleshooting/errors#stale-element-reference-exception
Build info: version: &amp;apos;4.10.0&amp;apos;, revision: &amp;apos;c14d967899&amp;apos;
System info: os.name: &amp;apos;Windows 10&amp;apos;, os.arch: &amp;apos;amd64&amp;apos;, os.version: &amp;apos;10.0&amp;apos;, java.version: &amp;apos;17.0.5&amp;apos;
Driver info: org.openqa.selenium.chrome.ChromeDriver
Command: [bfc336ddbdcbe85b95358e8a2e0aa9f7, getElementText {id=0E46A01D656229749992942CAEC8BAF6_element_26}]
Capabilities {acceptInsecureCerts: false, browserName: chrome, browserVersion: 114.0.5735.199, chrome: {chromedriverVersion: 114.0.5735.90 (386bc09e8f4f..., userDataDir: C:\Users\kamal\AppData\Loca...}, goog:chromeOptions: {debuggerAddress: localhost:56477}, networkConnectionEnabled: false, pageLoadStrategy: normal, platformName: windows, proxy: Proxy(), se:cdp: ws://localhost:56477/devtoo..., se:cdpVersion: 114.0.5735.199, setWindowRect: true, strictFileInteractability: false, timeouts: {implicit: 0, pageLoad: 300000, script: 30000}, unhandledPromptBehavior: dismiss and notify, webauthn:extension:credBlob: true, webauthn:extension:largeBlob: true, webauthn:extension:minPinLength: true, webauthn:extension:prf: true, webauthn:virtualAuthenticators: true}
Element: [[ChromeDriver: chrome on windows (bfc336ddbdcbe85b95358e8a2e0aa9f7)] -&amp;gt; xpath: //span[@class=&amp;apos;mat-option-text&amp;apos;]]
Session ID: bfc336ddbdcbe85b95358e8a2e0aa9f7">
      <![CDATA[org.openqa.selenium.StaleElementReferenceException: stale element reference: stale element not found
  (Session info: chrome=114.0.5735.199)
For documentation on this error, please visit: https://www.selenium.dev/documentation/webdriver/troubleshooting/errors#stale-element-reference-exception
Build info: version: '4.10.0', revision: 'c14d967899'
System info: os.name: 'Windows 10', os.arch: 'amd64', os.version: '10.0', java.version: '17.0.5'
Driver info: org.openqa.selenium.chrome.ChromeDriver
Command: [bfc336ddbdcbe85b95358e8a2e0aa9f7, getElementText {id=0E46A01D656229749992942CAEC8BAF6_element_26}]
Capabilities {acceptInsecureCerts: false, browserName: chrome, browserVersion: 114.0.5735.199, chrome: {chromedriverVersion: 114.0.5735.90 (386bc09e8f4f..., userDataDir: C:\Users\kamal\AppData\Loca...}, goog:chromeOptions: {debuggerAddress: localhost:56477}, networkConnectionEnabled: false, pageLoadStrategy: normal, platformName: windows, proxy: Proxy(), se:cdp: ws://localhost:56477/devtoo..., se:cdpVersion: 114.0.5735.199, setWindowRect: true, strictFileInteractability: false, timeouts: {implicit: 0, pageLoad: 300000, script: 30000}, unhandledPromptBehavior: dismiss and notify, webauthn:extension:credBlob: true, webauthn:extension:largeBlob: true, webauthn:extension:minPinLength: true, webauthn:extension:prf: true, webauthn:virtualAuthenticators: true}
Element: [[ChromeDriver: chrome on windows (bfc336ddbdcbe85b95358e8a2e0aa9f7)] -> xpath: //span[@class='mat-option-text']]
Session ID: bfc336ddbdcbe85b95358e8a2e0aa9f7
at org.openqa.selenium.remote.codec.w3c.W3CHttpResponseCodec.createException(W3CHttpResponseCodec.java:199)
at org.openqa.selenium.remote.codec.w3c.W3CHttpResponseCodec.decode(W3CHttpResponseCodec.java:132)
at org.openqa.selenium.remote.codec.w3c.W3CHttpResponseCodec.decode(W3CHttpResponseCodec.java:51)
at org.openqa.selenium.remote.HttpCommandExecutor.execute(HttpCommandExecutor.java:191)
at org.openqa.selenium.remote.service.DriverCommandExecutor.invokeExecute(DriverCommandExecutor.java:196)
at org.openqa.selenium.remote.service.DriverCommandExecutor.execute(DriverCommandExecutor.java:171)
at org.openqa.selenium.remote.RemoteWebDriver.execute(RemoteWebDriver.java:531)
at org.openqa.selenium.remote.RemoteWebElement.execute(RemoteWebElement.java:242)
at org.openqa.selenium.remote.RemoteWebElement.getText(RemoteWebElement.java:192)
at framework.Signup.selectGender(Signup.java:137)
at framework.TS_01.TC_39(TS_01.java:270)
at java.base/java.util.ArrayList.forEach(ArrayList.java:1511)
... Removed 32 stack frames]]>
    </failure>
  </testcase> <!-- TC_39 -->
  <testcase classname="framework.TS_02" name="TC_01" time="0.54"/>
  <testcase classname="framework.TS_02" name="TC_02" time="9.624"/>
  <testcase classname="framework.TS_02" name="TC_03" time="6.352"/>
  <testcase classname="framework.TS_02" name="TC_04" time="0.427"/>
  <testcase classname="framework.TS_03" name="TC_01" time="0.142"/>
  <testcase classname="framework.TS_03" name="TC_02" time="0.562"/>
  <testcase classname="framework.TS_03" name="TC_03" time="0.06"/>
  <testcase classname="framework.TS_03" name="TC_04" time="0.993"/>
  <testcase classname="framework.TS_03" name="TC_05" time="1.07"/>
  <testcase classname="framework.TS_03" name="TC_06" time="0.179"/>
  <testcase classname="framework.TS_03" name="TC_07" time="0.057"/>
  <testcase classname="framework.TS_03" name="TC_08" time="0.088"/>
  <testcase classname="framework.TS_03" name="TC_09" time="0.106"/>
  <testcase classname="framework.TS_03" name="TC_11" time="0.059"/>
  <testcase classname="framework.TS_03" name="TC_12" time="0.108"/>
  <testcase classname="framework.TS_03" name="TC_14" time="0.172"/>
  <testcase classname="framework.TS_03" name="TC_15" time="0.179"/>
  <testcase classname="framework.TS_03" name="TC_16" time="0.062"/>
  <testcase classname="framework.TS_03" name="TC_17" time="0.105"/>
  <testcase classname="framework.TS_03" name="TC_18" time="4.395"/>
  <testcase classname="framework.TS_03" name="TC_19" time="0.051"/>
  <testcase classname="framework.TS_03" name="TC_20" time="0.194"/>
  <testcase classname="framework.TS_03" name="TC_21" time="0.05"/>
  <testcase classname="framework.TS_03" name="TC_22" time="0.159"/>
</testsuite> <!-- Test -->
