<html>
<head>
<title>TestNG:  Test</title>
<link href="../testng.css" rel="stylesheet" type="text/css" />
<link href="../my-testng.css" rel="stylesheet" type="text/css" />

<style type="text/css">
.log { display: none;} 
.stack-trace { display: none;} 
</style>
<script type="text/javascript">
<!--
function flip(e) {
  current = e.style.display;
  if (current == 'block') {
    e.style.display = 'none';
    return 0;
  }
  else {
    e.style.display = 'block';
    return 1;
  }
}

function toggleBox(szDivId, elem, msg1, msg2)
{
  var res = -1;  if (document.getElementById) {
    res = flip(document.getElementById(szDivId));
  }
  else if (document.all) {
    // this is the way old msie versions work
    res = flip(document.all[szDivId]);
  }
  if(elem) {
    if(res == 0) elem.innerHTML = msg1; else elem.innerHTML = msg2;
  }

}

function toggleAllBoxes() {
  if (document.getElementsByTagName) {
    d = document.getElementsByTagName('div');
    for (i = 0; i < d.length; i++) {
      if (d[i].className == 'log') {
        flip(d[i]);
      }
    }
  }
}

// -->
</script>

</head>
<body>
<h2 align='center'>Test</h2><table border='1' align="center">
<tr>
<td>Tests passed/Failed/Skipped:</td><td>61/2/0</td>
</tr><tr>
<td>Started on:</td><td>Fri Jul 07 14:32:36 IST 2023</td>
</tr>
<tr><td>Total time:</td><td>1837 seconds (1837740 ms)</td>
</tr><tr>
<td>Included groups:</td><td></td>
</tr><tr>
<td>Excluded groups:</td><td></td>
</tr>
</table><p/>
<small><i>(Hover the method name to see the test class name)</i></small><p/>
<table width='100%' border='1' class='invocation-failed'>
<tr><td colspan='4' align='center'><b>FAILED TESTS</b></td></tr>
<tr><td><b>Test method</b></td>
<td width="30%"><b>Exception</b></td>
<td width="10%"><b>Time (seconds)</b></td>
<td><b>Instance</b></td>
</tr>
<tr>
<td title='framework.TS_01.TC_38()'><b>TC_38</b><br>Test class: framework.TS_01</td>
<td><div><pre>org.openqa.selenium.StaleElementReferenceException: stale element reference: stale element not found
  (Session info: chrome=114.0.5735.199)
For documentation on this error, please visit: https://www.selenium.dev/documentation/webdriver/troubleshooting/errors#stale-element-reference-exception
Build info: version: &apos;4.10.0&apos;, revision: &apos;c14d967899&apos;
System info: os.name: &apos;Windows 10&apos;, os.arch: &apos;amd64&apos;, os.version: &apos;10.0&apos;, java.version: &apos;17.0.5&apos;
Driver info: org.openqa.selenium.chrome.ChromeDriver
Command: [0531cee94c86e2e04b8a854ea32eeac2, getElementText {id=93574EE8CD79734583D0CDFD7B083797_element_26}]
Capabilities {acceptInsecureCerts: false, browserName: chrome, browserVersion: 114.0.5735.199, chrome: {chromedriverVersion: 114.0.5735.90 (386bc09e8f4f..., userDataDir: C:\Users\kamal\AppData\Loca...}, goog:chromeOptions: {debuggerAddress: localhost:51596}, networkConnectionEnabled: false, pageLoadStrategy: normal, platformName: windows, proxy: Proxy(), se:cdp: ws://localhost:51596/devtoo..., se:cdpVersion: 114.0.5735.199, setWindowRect: true, strictFileInteractability: false, timeouts: {implicit: 0, pageLoad: 300000, script: 30000}, unhandledPromptBehavior: dismiss and notify, webauthn:extension:credBlob: true, webauthn:extension:largeBlob: true, webauthn:extension:minPinLength: true, webauthn:extension:prf: true, webauthn:virtualAuthenticators: true}
Element: [[ChromeDriver: chrome on windows (0531cee94c86e2e04b8a854ea32eeac2)] -&gt; xpath: //span[@class=&apos;mat-option-text&apos;]]
Session ID: 0531cee94c86e2e04b8a854ea32eeac2
	at org.openqa.selenium.remote.codec.w3c.W3CHttpResponseCodec.createException(W3CHttpResponseCodec.java:199)
	at org.openqa.selenium.remote.codec.w3c.W3CHttpResponseCodec.decode(W3CHttpResponseCodec.java:132)
	at org.openqa.selenium.remote.codec.w3c.W3CHttpResponseCodec.decode(W3CHttpResponseCodec.java:51)
	at org.openqa.selenium.remote.HttpCommandExecutor.execute(HttpCommandExecutor.java:191)
	at org.openqa.selenium.remote.service.DriverCommandExecutor.invokeExecute(DriverCommandExecutor.java:196)
	at org.openqa.selenium.remote.service.DriverCommandExecutor.execute(DriverCommandExecutor.java:171)
	at org.openqa.selenium.remote.RemoteWebDriver.execute(RemoteWebDriver.java:531)
	at org.openqa.selenium.remote.RemoteWebElement.execute(RemoteWebElement.java:242)
	at org.openqa.selenium.remote.RemoteWebElement.getText(RemoteWebElement.java:192)
	at framework.Signup.selectGender(Signup.java:137)
	at framework.TS_01.TC_38(TS_01.java:254)
	at java.base/java.util.ArrayList.forEach(ArrayList.java:1511)
... Removed 32 stack frames</pre></div><a href='#' onClick='toggleBox("stack-trace42338572", this, "Click to show all stack frames", "Click to hide stack frames")'>Click to show all stack frames</a>
<div class='stack-trace' id='stack-trace42338572'><pre>org.openqa.selenium.StaleElementReferenceException: stale element reference: stale element not found
  (Session info: chrome=114.0.5735.199)
For documentation on this error, please visit: https://www.selenium.dev/documentation/webdriver/troubleshooting/errors#stale-element-reference-exception
Build info: version: &apos;4.10.0&apos;, revision: &apos;c14d967899&apos;
System info: os.name: &apos;Windows 10&apos;, os.arch: &apos;amd64&apos;, os.version: &apos;10.0&apos;, java.version: &apos;17.0.5&apos;
Driver info: org.openqa.selenium.chrome.ChromeDriver
Command: [0531cee94c86e2e04b8a854ea32eeac2, getElementText {id=93574EE8CD79734583D0CDFD7B083797_element_26}]
Capabilities {acceptInsecureCerts: false, browserName: chrome, browserVersion: 114.0.5735.199, chrome: {chromedriverVersion: 114.0.5735.90 (386bc09e8f4f..., userDataDir: C:\Users\kamal\AppData\Loca...}, goog:chromeOptions: {debuggerAddress: localhost:51596}, networkConnectionEnabled: false, pageLoadStrategy: normal, platformName: windows, proxy: Proxy(), se:cdp: ws://localhost:51596/devtoo..., se:cdpVersion: 114.0.5735.199, setWindowRect: true, strictFileInteractability: false, timeouts: {implicit: 0, pageLoad: 300000, script: 30000}, unhandledPromptBehavior: dismiss and notify, webauthn:extension:credBlob: true, webauthn:extension:largeBlob: true, webauthn:extension:minPinLength: true, webauthn:extension:prf: true, webauthn:virtualAuthenticators: true}
Element: [[ChromeDriver: chrome on windows (0531cee94c86e2e04b8a854ea32eeac2)] -&gt; xpath: //span[@class=&apos;mat-option-text&apos;]]
Session ID: 0531cee94c86e2e04b8a854ea32eeac2
	at java.base/jdk.internal.reflect.NativeConstructorAccessorImpl.newInstance0(Native Method)
	at java.base/jdk.internal.reflect.NativeConstructorAccessorImpl.newInstance(NativeConstructorAccessorImpl.java:77)
	at java.base/jdk.internal.reflect.DelegatingConstructorAccessorImpl.newInstance(DelegatingConstructorAccessorImpl.java:45)
	at java.base/java.lang.reflect.Constructor.newInstanceWithCaller(Constructor.java:499)
	at java.base/java.lang.reflect.Constructor.newInstance(Constructor.java:480)
	at org.openqa.selenium.remote.codec.w3c.W3CHttpResponseCodec.createException(W3CHttpResponseCodec.java:199)
	at org.openqa.selenium.remote.codec.w3c.W3CHttpResponseCodec.decode(W3CHttpResponseCodec.java:132)
	at org.openqa.selenium.remote.codec.w3c.W3CHttpResponseCodec.decode(W3CHttpResponseCodec.java:51)
	at org.openqa.selenium.remote.HttpCommandExecutor.execute(HttpCommandExecutor.java:191)
	at org.openqa.selenium.remote.service.DriverCommandExecutor.invokeExecute(DriverCommandExecutor.java:196)
	at org.openqa.selenium.remote.service.DriverCommandExecutor.execute(DriverCommandExecutor.java:171)
	at org.openqa.selenium.remote.RemoteWebDriver.execute(RemoteWebDriver.java:531)
	at org.openqa.selenium.remote.RemoteWebElement.execute(RemoteWebElement.java:242)
	at org.openqa.selenium.remote.RemoteWebElement.getText(RemoteWebElement.java:192)
	at framework.Signup.selectGender(Signup.java:137)
	at framework.TS_01.TC_38(TS_01.java:254)
	at java.base/jdk.internal.reflect.NativeMethodAccessorImpl.invoke0(Native Method)
	at java.base/jdk.internal.reflect.NativeMethodAccessorImpl.invoke(NativeMethodAccessorImpl.java:77)
	at java.base/jdk.internal.reflect.DelegatingMethodAccessorImpl.invoke(DelegatingMethodAccessorImpl.java:43)
	at java.base/java.lang.reflect.Method.invoke(Method.java:568)
	at org.testng.internal.MethodInvocationHelper.invokeMethod(MethodInvocationHelper.java:133)
	at org.testng.internal.TestInvoker.invokeMethod(TestInvoker.java:598)
	at org.testng.internal.TestInvoker.invokeTestMethod(TestInvoker.java:173)
	at org.testng.internal.MethodRunner.runInSequence(MethodRunner.java:46)
	at org.testng.internal.TestInvoker$MethodInvocationAgent.invoke(TestInvoker.java:824)
	at org.testng.internal.TestInvoker.invokeTestMethods(TestInvoker.java:146)
	at org.testng.internal.TestMethodWorker.invokeTestMethods(TestMethodWorker.java:146)
	at org.testng.internal.TestMethodWorker.run(TestMethodWorker.java:128)
	at java.base/java.util.ArrayList.forEach(ArrayList.java:1511)
	at org.testng.TestRunner.privateRun(TestRunner.java:794)
	at org.testng.TestRunner.run(TestRunner.java:596)
	at org.testng.SuiteRunner.runTest(SuiteRunner.java:377)
	at org.testng.SuiteRunner.runSequentially(SuiteRunner.java:371)
	at org.testng.SuiteRunner.privateRun(SuiteRunner.java:332)
	at org.testng.SuiteRunner.run(SuiteRunner.java:276)
	at org.testng.SuiteRunnerWorker.runSuite(SuiteRunnerWorker.java:53)
	at org.testng.SuiteRunnerWorker.run(SuiteRunnerWorker.java:96)
	at org.testng.TestNG.runSuitesSequentially(TestNG.java:1212)
	at org.testng.TestNG.runSuitesLocally(TestNG.java:1134)
	at org.testng.TestNG.runSuites(TestNG.java:1063)
	at org.testng.TestNG.run(TestNG.java:1031)
	at org.testng.remote.AbstractRemoteTestNG.run(AbstractRemoteTestNG.java:115)
	at org.testng.remote.RemoteTestNG.initAndRun(RemoteTestNG.java:251)
	at org.testng.remote.RemoteTestNG.main(RemoteTestNG.java:77)
</pre></div></td>
<td>12</td>
<td>framework.TS_01@209da20d</td></tr>
<tr>
<td title='framework.TS_01.TC_39()'><b>TC_39</b><br>Test class: framework.TS_01</td>
<td><div><pre>org.openqa.selenium.StaleElementReferenceException: stale element reference: stale element not found
  (Session info: chrome=114.0.5735.199)
For documentation on this error, please visit: https://www.selenium.dev/documentation/webdriver/troubleshooting/errors#stale-element-reference-exception
Build info: version: &apos;4.10.0&apos;, revision: &apos;c14d967899&apos;
System info: os.name: &apos;Windows 10&apos;, os.arch: &apos;amd64&apos;, os.version: &apos;10.0&apos;, java.version: &apos;17.0.5&apos;
Driver info: org.openqa.selenium.chrome.ChromeDriver
Command: [bfc336ddbdcbe85b95358e8a2e0aa9f7, getElementText {id=0E46A01D656229749992942CAEC8BAF6_element_26}]
Capabilities {acceptInsecureCerts: false, browserName: chrome, browserVersion: 114.0.5735.199, chrome: {chromedriverVersion: 114.0.5735.90 (386bc09e8f4f..., userDataDir: C:\Users\kamal\AppData\Loca...}, goog:chromeOptions: {debuggerAddress: localhost:56477}, networkConnectionEnabled: false, pageLoadStrategy: normal, platformName: windows, proxy: Proxy(), se:cdp: ws://localhost:56477/devtoo..., se:cdpVersion: 114.0.5735.199, setWindowRect: true, strictFileInteractability: false, timeouts: {implicit: 0, pageLoad: 300000, script: 30000}, unhandledPromptBehavior: dismiss and notify, webauthn:extension:credBlob: true, webauthn:extension:largeBlob: true, webauthn:extension:minPinLength: true, webauthn:extension:prf: true, webauthn:virtualAuthenticators: true}
Element: [[ChromeDriver: chrome on windows (bfc336ddbdcbe85b95358e8a2e0aa9f7)] -&gt; xpath: //span[@class=&apos;mat-option-text&apos;]]
Session ID: bfc336ddbdcbe85b95358e8a2e0aa9f7
	at org.openqa.selenium.remote.codec.w3c.W3CHttpResponseCodec.createException(W3CHttpResponseCodec.java:199)
	at org.openqa.selenium.remote.codec.w3c.W3CHttpResponseCodec.decode(W3CHttpResponseCodec.java:132)
	at org.openqa.selenium.remote.codec.w3c.W3CHttpResponseCodec.decode(W3CHttpResponseCodec.java:51)
	at org.openqa.selenium.remote.HttpCommandExecutor.execute(HttpCommandExecutor.java:191)
	at org.openqa.selenium.remote.service.DriverCommandExecutor.invokeExecute(DriverCommandExecutor.java:196)
	at org.openqa.selenium.remote.service.DriverCommandExecutor.execute(DriverCommandExecutor.java:171)
	at org.openqa.selenium.remote.RemoteWebDriver.execute(RemoteWebDriver.java:531)
	at org.openqa.selenium.remote.RemoteWebElement.execute(RemoteWebElement.java:242)
	at org.openqa.selenium.remote.RemoteWebElement.getText(RemoteWebElement.java:192)
	at framework.Signup.selectGender(Signup.java:137)
	at framework.TS_01.TC_39(TS_01.java:270)
	at java.base/java.util.ArrayList.forEach(ArrayList.java:1511)
... Removed 32 stack frames</pre></div><a href='#' onClick='toggleBox("stack-trace1521553533", this, "Click to show all stack frames", "Click to hide stack frames")'>Click to show all stack frames</a>
<div class='stack-trace' id='stack-trace1521553533'><pre>org.openqa.selenium.StaleElementReferenceException: stale element reference: stale element not found
  (Session info: chrome=114.0.5735.199)
For documentation on this error, please visit: https://www.selenium.dev/documentation/webdriver/troubleshooting/errors#stale-element-reference-exception
Build info: version: &apos;4.10.0&apos;, revision: &apos;c14d967899&apos;
System info: os.name: &apos;Windows 10&apos;, os.arch: &apos;amd64&apos;, os.version: &apos;10.0&apos;, java.version: &apos;17.0.5&apos;
Driver info: org.openqa.selenium.chrome.ChromeDriver
Command: [bfc336ddbdcbe85b95358e8a2e0aa9f7, getElementText {id=0E46A01D656229749992942CAEC8BAF6_element_26}]
Capabilities {acceptInsecureCerts: false, browserName: chrome, browserVersion: 114.0.5735.199, chrome: {chromedriverVersion: 114.0.5735.90 (386bc09e8f4f..., userDataDir: C:\Users\kamal\AppData\Loca...}, goog:chromeOptions: {debuggerAddress: localhost:56477}, networkConnectionEnabled: false, pageLoadStrategy: normal, platformName: windows, proxy: Proxy(), se:cdp: ws://localhost:56477/devtoo..., se:cdpVersion: 114.0.5735.199, setWindowRect: true, strictFileInteractability: false, timeouts: {implicit: 0, pageLoad: 300000, script: 30000}, unhandledPromptBehavior: dismiss and notify, webauthn:extension:credBlob: true, webauthn:extension:largeBlob: true, webauthn:extension:minPinLength: true, webauthn:extension:prf: true, webauthn:virtualAuthenticators: true}
Element: [[ChromeDriver: chrome on windows (bfc336ddbdcbe85b95358e8a2e0aa9f7)] -&gt; xpath: //span[@class=&apos;mat-option-text&apos;]]
Session ID: bfc336ddbdcbe85b95358e8a2e0aa9f7
	at java.base/jdk.internal.reflect.NativeConstructorAccessorImpl.newInstance0(Native Method)
	at java.base/jdk.internal.reflect.NativeConstructorAccessorImpl.newInstance(NativeConstructorAccessorImpl.java:77)
	at java.base/jdk.internal.reflect.DelegatingConstructorAccessorImpl.newInstance(DelegatingConstructorAccessorImpl.java:45)
	at java.base/java.lang.reflect.Constructor.newInstanceWithCaller(Constructor.java:499)
	at java.base/java.lang.reflect.Constructor.newInstance(Constructor.java:480)
	at org.openqa.selenium.remote.codec.w3c.W3CHttpResponseCodec.createException(W3CHttpResponseCodec.java:199)
	at org.openqa.selenium.remote.codec.w3c.W3CHttpResponseCodec.decode(W3CHttpResponseCodec.java:132)
	at org.openqa.selenium.remote.codec.w3c.W3CHttpResponseCodec.decode(W3CHttpResponseCodec.java:51)
	at org.openqa.selenium.remote.HttpCommandExecutor.execute(HttpCommandExecutor.java:191)
	at org.openqa.selenium.remote.service.DriverCommandExecutor.invokeExecute(DriverCommandExecutor.java:196)
	at org.openqa.selenium.remote.service.DriverCommandExecutor.execute(DriverCommandExecutor.java:171)
	at org.openqa.selenium.remote.RemoteWebDriver.execute(RemoteWebDriver.java:531)
	at org.openqa.selenium.remote.RemoteWebElement.execute(RemoteWebElement.java:242)
	at org.openqa.selenium.remote.RemoteWebElement.getText(RemoteWebElement.java:192)
	at framework.Signup.selectGender(Signup.java:137)
	at framework.TS_01.TC_39(TS_01.java:270)
	at java.base/jdk.internal.reflect.NativeMethodAccessorImpl.invoke0(Native Method)
	at java.base/jdk.internal.reflect.NativeMethodAccessorImpl.invoke(NativeMethodAccessorImpl.java:77)
	at java.base/jdk.internal.reflect.DelegatingMethodAccessorImpl.invoke(DelegatingMethodAccessorImpl.java:43)
	at java.base/java.lang.reflect.Method.invoke(Method.java:568)
	at org.testng.internal.MethodInvocationHelper.invokeMethod(MethodInvocationHelper.java:133)
	at org.testng.internal.TestInvoker.invokeMethod(TestInvoker.java:598)
	at org.testng.internal.TestInvoker.invokeTestMethod(TestInvoker.java:173)
	at org.testng.internal.MethodRunner.runInSequence(MethodRunner.java:46)
	at org.testng.internal.TestInvoker$MethodInvocationAgent.invoke(TestInvoker.java:824)
	at org.testng.internal.TestInvoker.invokeTestMethods(TestInvoker.java:146)
	at org.testng.internal.TestMethodWorker.invokeTestMethods(TestMethodWorker.java:146)
	at org.testng.internal.TestMethodWorker.run(TestMethodWorker.java:128)
	at java.base/java.util.ArrayList.forEach(ArrayList.java:1511)
	at org.testng.TestRunner.privateRun(TestRunner.java:794)
	at org.testng.TestRunner.run(TestRunner.java:596)
	at org.testng.SuiteRunner.runTest(SuiteRunner.java:377)
	at org.testng.SuiteRunner.runSequentially(SuiteRunner.java:371)
	at org.testng.SuiteRunner.privateRun(SuiteRunner.java:332)
	at org.testng.SuiteRunner.run(SuiteRunner.java:276)
	at org.testng.SuiteRunnerWorker.runSuite(SuiteRunnerWorker.java:53)
	at org.testng.SuiteRunnerWorker.run(SuiteRunnerWorker.java:96)
	at org.testng.TestNG.runSuitesSequentially(TestNG.java:1212)
	at org.testng.TestNG.runSuitesLocally(TestNG.java:1134)
	at org.testng.TestNG.runSuites(TestNG.java:1063)
	at org.testng.TestNG.run(TestNG.java:1031)
	at org.testng.remote.AbstractRemoteTestNG.run(AbstractRemoteTestNG.java:115)
	at org.testng.remote.RemoteTestNG.initAndRun(RemoteTestNG.java:251)
	at org.testng.remote.RemoteTestNG.main(RemoteTestNG.java:77)
</pre></div></td>
<td>7</td>
<td>framework.TS_01@209da20d</td></tr>
</table><p>
<table width='100%' border='1' class='invocation-passed'>
<tr><td colspan='4' align='center'><b>PASSED TESTS</b></td></tr>
<tr><td><b>Test method</b></td>
<td width="30%"><b>Exception</b></td>
<td width="10%"><b>Time (seconds)</b></td>
<td><b>Instance</b></td>
</tr>
<tr>
<td title='framework.TS_02.TC_03()'><b>TC_03</b><br>Test class: framework.TS_02</td>
<td></td>
<td>6</td>
<td>framework.TS_02@59505b48</td></tr>
<tr>
<td title='framework.TS_03.TC_21()'><b>TC_21</b><br>Test class: framework.TS_03</td>
<td></td>
<td>0</td>
<td>framework.TS_03@4efac082</td></tr>
<tr>
<td title='framework.TS_01.TC_07()'><b>TC_07</b><br>Test class: framework.TS_01</td>
<td></td>
<td>1</td>
<td>framework.TS_01@209da20d</td></tr>
<tr>
<td title='framework.TS_03.TC_11()'><b>TC_11</b><br>Test class: framework.TS_03</td>
<td></td>
<td>0</td>
<td>framework.TS_03@4efac082</td></tr>
<tr>
<td title='framework.TS_01.TC_20()'><b>TC_20</b><br>Test class: framework.TS_01</td>
<td></td>
<td>2</td>
<td>framework.TS_01@209da20d</td></tr>
<tr>
<td title='framework.TS_01.TC_17()'><b>TC_17</b><br>Test class: framework.TS_01</td>
<td></td>
<td>5</td>
<td>framework.TS_01@209da20d</td></tr>
<tr>
<td title='framework.TS_01.TC_10()'><b>TC_10</b><br>Test class: framework.TS_01</td>
<td></td>
<td>1</td>
<td>framework.TS_01@209da20d</td></tr>
<tr>
<td title='framework.TS_02.TC_04()'><b>TC_04</b><br>Test class: framework.TS_02</td>
<td></td>
<td>0</td>
<td>framework.TS_02@59505b48</td></tr>
<tr>
<td title='framework.TS_01.TC_29()'><b>TC_29</b><br>Test class: framework.TS_01</td>
<td></td>
<td>15</td>
<td>framework.TS_01@209da20d</td></tr>
<tr>
<td title='framework.TS_01.TC_08()'><b>TC_08</b><br>Test class: framework.TS_01</td>
<td></td>
<td>1</td>
<td>framework.TS_01@209da20d</td></tr>
<tr>
<td title='framework.TS_01.TC_06()'><b>TC_06</b><br>Test class: framework.TS_01</td>
<td></td>
<td>3</td>
<td>framework.TS_01@209da20d</td></tr>
<tr>
<td title='framework.TS_01.TC_04()'><b>TC_04</b><br>Test class: framework.TS_01</td>
<td></td>
<td>5</td>
<td>framework.TS_01@209da20d</td></tr>
<tr>
<td title='framework.TS_01.TC_12()'><b>TC_12</b><br>Test class: framework.TS_01</td>
<td></td>
<td>2</td>
<td>framework.TS_01@209da20d</td></tr>
<tr>
<td title='framework.TS_01.TC_28()'><b>TC_28</b><br>Test class: framework.TS_01</td>
<td></td>
<td>3</td>
<td>framework.TS_01@209da20d</td></tr>
<tr>
<td title='framework.TS_01.TC_35()'><b>TC_35</b><br>Test class: framework.TS_01</td>
<td></td>
<td>2</td>
<td>framework.TS_01@209da20d</td></tr>
<tr>
<td title='framework.TS_01.TC_26()'><b>TC_26</b><br>Test class: framework.TS_01</td>
<td></td>
<td>1</td>
<td>framework.TS_01@209da20d</td></tr>
<tr>
<td title='framework.TS_03.TC_16()'><b>TC_16</b><br>Test class: framework.TS_03</td>
<td></td>
<td>0</td>
<td>framework.TS_03@4efac082</td></tr>
<tr>
<td title='framework.TS_01.TC_32()'><b>TC_32</b><br>Test class: framework.TS_01</td>
<td></td>
<td>1</td>
<td>framework.TS_01@209da20d</td></tr>
<tr>
<td title='framework.TS_01.TC_31()'><b>TC_31</b><br>Test class: framework.TS_01</td>
<td></td>
<td>2</td>
<td>framework.TS_01@209da20d</td></tr>
<tr>
<td title='framework.TS_03.TC_17()'><b>TC_17</b><br>Test class: framework.TS_03</td>
<td></td>
<td>0</td>
<td>framework.TS_03@4efac082</td></tr>
<tr>
<td title='framework.TS_03.TC_04()'><b>TC_04</b><br>Test class: framework.TS_03</td>
<td></td>
<td>0</td>
<td>framework.TS_03@4efac082</td></tr>
<tr>
<td title='framework.TS_03.TC_05()'><b>TC_05</b><br>Test class: framework.TS_03</td>
<td></td>
<td>1</td>
<td>framework.TS_03@4efac082</td></tr>
<tr>
<td title='framework.TS_01.TC_02()'><b>TC_02</b><br>Test class: framework.TS_01</td>
<td></td>
<td>10</td>
<td>framework.TS_01@209da20d</td></tr>
<tr>
<td title='framework.TS_02.TC_02()'><b>TC_02</b><br>Test class: framework.TS_02</td>
<td></td>
<td>9</td>
<td>framework.TS_02@59505b48</td></tr>
<tr>
<td title='framework.TS_03.TC_18()'><b>TC_18</b><br>Test class: framework.TS_03</td>
<td></td>
<td>4</td>
<td>framework.TS_03@4efac082</td></tr>
<tr>
<td title='framework.TS_03.TC_15()'><b>TC_15</b><br>Test class: framework.TS_03</td>
<td></td>
<td>0</td>
<td>framework.TS_03@4efac082</td></tr>
<tr>
<td title='framework.TS_01.TC_09()'><b>TC_09</b><br>Test class: framework.TS_01</td>
<td></td>
<td>1</td>
<td>framework.TS_01@209da20d</td></tr>
<tr>
<td title='framework.TS_01.TC_22()'><b>TC_22</b><br>Test class: framework.TS_01</td>
<td></td>
<td>1</td>
<td>framework.TS_01@209da20d</td></tr>
<tr>
<td title='framework.TS_01.TC_30()'><b>TC_30</b><br>Test class: framework.TS_01</td>
<td></td>
<td>5</td>
<td>framework.TS_01@209da20d</td></tr>
<tr>
<td title='framework.TS_03.TC_19()'><b>TC_19</b><br>Test class: framework.TS_03</td>
<td></td>
<td>0</td>
<td>framework.TS_03@4efac082</td></tr>
<tr>
<td title='framework.TS_01.TC_15()'><b>TC_15</b><br>Test class: framework.TS_01</td>
<td></td>
<td>0</td>
<td>framework.TS_01@209da20d</td></tr>
<tr>
<td title='framework.TS_03.TC_09()'><b>TC_09</b><br>Test class: framework.TS_03</td>
<td></td>
<td>0</td>
<td>framework.TS_03@4efac082</td></tr>
<tr>
<td title='framework.TS_02.TC_01()'><b>TC_01</b><br>Test class: framework.TS_02</td>
<td></td>
<td>0</td>
<td>framework.TS_02@59505b48</td></tr>
<tr>
<td title='framework.TS_03.TC_03()'><b>TC_03</b><br>Test class: framework.TS_03</td>
<td></td>
<td>0</td>
<td>framework.TS_03@4efac082</td></tr>
<tr>
<td title='framework.TS_03.TC_02()'><b>TC_02</b><br>Test class: framework.TS_03</td>
<td></td>
<td>0</td>
<td>framework.TS_03@4efac082</td></tr>
<tr>
<td title='framework.TS_01.TC_05()'><b>TC_05</b><br>Test class: framework.TS_01</td>
<td></td>
<td>2</td>
<td>framework.TS_01@209da20d</td></tr>
<tr>
<td title='framework.TS_01.TC_24()'><b>TC_24</b><br>Test class: framework.TS_01</td>
<td></td>
<td>1</td>
<td>framework.TS_01@209da20d</td></tr>
<tr>
<td title='framework.TS_03.TC_22()'><b>TC_22</b><br>Test class: framework.TS_03</td>
<td></td>
<td>0</td>
<td>framework.TS_03@4efac082</td></tr>
<tr>
<td title='framework.TS_01.TC_13()'><b>TC_13</b><br>Test class: framework.TS_01</td>
<td></td>
<td>1</td>
<td>framework.TS_01@209da20d</td></tr>
<tr>
<td title='framework.TS_01.TC_18()'><b>TC_18</b><br>Test class: framework.TS_01</td>
<td></td>
<td>15</td>
<td>framework.TS_01@209da20d</td></tr>
<tr>
<td title='framework.TS_01.TC_25()'><b>TC_25</b><br>Test class: framework.TS_01</td>
<td></td>
<td>1</td>
<td>framework.TS_01@209da20d</td></tr>
<tr>
<td title='framework.TS_01.TC_03()'><b>TC_03</b><br>Test class: framework.TS_01</td>
<td></td>
<td>9</td>
<td>framework.TS_01@209da20d</td></tr>
<tr>
<td title='framework.TS_01.TC_27()'><b>TC_27</b><br>Test class: framework.TS_01</td>
<td></td>
<td>0</td>
<td>framework.TS_01@209da20d</td></tr>
<tr>
<td title='framework.TS_03.TC_08()'><b>TC_08</b><br>Test class: framework.TS_03</td>
<td></td>
<td>0</td>
<td>framework.TS_03@4efac082</td></tr>
<tr>
<td title='framework.TS_03.TC_12()'><b>TC_12</b><br>Test class: framework.TS_03</td>
<td></td>
<td>0</td>
<td>framework.TS_03@4efac082</td></tr>
<tr>
<td title='framework.TS_01.TC_11()'><b>TC_11</b><br>Test class: framework.TS_01</td>
<td></td>
<td>2</td>
<td>framework.TS_01@209da20d</td></tr>
<tr>
<td title='framework.TS_03.TC_14()'><b>TC_14</b><br>Test class: framework.TS_03</td>
<td></td>
<td>0</td>
<td>framework.TS_03@4efac082</td></tr>
<tr>
<td title='framework.TS_01.TC_16()'><b>TC_16</b><br>Test class: framework.TS_01</td>
<td></td>
<td>0</td>
<td>framework.TS_01@209da20d</td></tr>
<tr>
<td title='framework.TS_01.TC_19()'><b>TC_19</b><br>Test class: framework.TS_01</td>
<td></td>
<td>11</td>
<td>framework.TS_01@209da20d</td></tr>
<tr>
<td title='framework.TS_03.TC_06()'><b>TC_06</b><br>Test class: framework.TS_03</td>
<td></td>
<td>0</td>
<td>framework.TS_03@4efac082</td></tr>
<tr>
<td title='framework.TS_01.TC_23()'><b>TC_23</b><br>Test class: framework.TS_01</td>
<td></td>
<td>1</td>
<td>framework.TS_01@209da20d</td></tr>
<tr>
<td title='framework.TS_01.TC_21()'><b>TC_21</b><br>Test class: framework.TS_01<br/>
<a href="#Output-908802124" onClick='toggleBox("Output-908802124", this, "Show output", "Hide output");'>Show output</a>

<a href="#Output-908802124" onClick="toggleAllBoxes();">Show all outputs</a>
<div class='log' id="Output-908802124">
saveetha engineering college<br/>
</div>
</td>
<td></td>
<td>8</td>
<td>framework.TS_01@209da20d</td></tr>
<tr>
<td title='framework.TS_01.TC_14()'><b>TC_14</b><br>Test class: framework.TS_01</td>
<td></td>
<td>0</td>
<td>framework.TS_01@209da20d</td></tr>
<tr>
<td title='framework.TS_03.TC_01()'><b>TC_01</b><br>Test class: framework.TS_03</td>
<td></td>
<td>0</td>
<td>framework.TS_03@4efac082</td></tr>
<tr>
<td title='framework.TS_01.TC_33()'><b>TC_33</b><br>Test class: framework.TS_01</td>
<td></td>
<td>0</td>
<td>framework.TS_01@209da20d</td></tr>
<tr>
<td title='framework.TS_01.TC_36()'><b>TC_36</b><br>Test class: framework.TS_01</td>
<td></td>
<td>2</td>
<td>framework.TS_01@209da20d</td></tr>
<tr>
<td title='framework.TS_03.TC_20()'><b>TC_20</b><br>Test class: framework.TS_03</td>
<td></td>
<td>0</td>
<td>framework.TS_03@4efac082</td></tr>
<tr>
<td title='framework.TS_01.TC_34()'><b>TC_34</b><br>Test class: framework.TS_01</td>
<td></td>
<td>1</td>
<td>framework.TS_01@209da20d</td></tr>
<tr>
<td title='framework.TS_01.TC_37()'><b>TC_37</b><br>Test class: framework.TS_01</td>
<td></td>
<td>0</td>
<td>framework.TS_01@209da20d</td></tr>
<tr>
<td title='framework.TS_01.TC_01()'><b>TC_01</b><br>Test class: framework.TS_01</td>
<td></td>
<td>4</td>
<td>framework.TS_01@209da20d</td></tr>
<tr>
<td title='framework.TS_03.TC_07()'><b>TC_07</b><br>Test class: framework.TS_03</td>
<td></td>
<td>0</td>
<td>framework.TS_03@4efac082</td></tr>
</table><p>
</body>
</html>